#
# There is insufficient memory for the Java Runtime Environment to continue.
# Native memory allocation (mmap) failed to map 266338304 bytes. Error detail: G1 virtual space
# Possible reasons:
#   The system is out of physical RAM or swap space
#   This process is running with CompressedOops enabled, and the Java Heap may be blocking the growth of the native heap
# Possible solutions:
#   Reduce memory load on the system
#   Increase physical memory or swap space
#   Check if swap backing store is full
#   Decrease Java heap size (-Xmx/-Xms)
#   Decrease number of Java threads
#   Decrease Java thread stack sizes (-Xss)
#   Set larger code cache with -XX:ReservedCodeCacheSize=
#   JVM is running with Zero Based Compressed Oops mode in which the Java heap is
#     placed in the first 32GB address space. The Java Heap base address is the
#     maximum limit for the native heap growth. Please use -XX:HeapBaseMinAddress
#     to set the Java Heap base and to place the Java Heap above 32GB virtual address.
# This output file may be truncated or incomplete.
#
#  Out of Memory Error (os_windows.cpp:3564), pid=9728, tid=21300
#
# JRE version:  (24.0.1+9) (build )
# Java VM: OpenJDK 64-Bit Server VM (24.0.1+9-30, mixed mode, sharing, tiered, compressed oops, compressed class ptrs, g1 gc, windows-amd64)
# No core dump will be written. Minidumps are not enabled by default on client versions of Windows
#

---------------  S U M M A R Y ------------

Command Line: -javaagent:C:\Program Files\JetBrains\IntelliJ IDEA Community Edition 2025.1\lib\idea_rt.jar=51435 -Dfile.encoding=UTF-8 -Dsun.stdout.encoding=UTF-8 -Dsun.stderr.encoding=UTF-8 tr

Host: AMD Ryzen 7 7435HS                             , 16 cores, 15G,  Windows 11 , 64 bit Build 26100 (10.0.26100.4484)
Time: Tue Jul  8 12:27:51 2025 India Standard Time elapsed time: 1.053869 seconds (0d 0h 0m 1s)

---------------  T H R E A D  ---------------

Current thread (0x0000017862852a70):  JavaThread "Unknown thread" [_thread_in_vm, id=21300, stack(0x0000001ec7000000,0x0000001ec7100000) (1024K)]

Stack: [0x0000001ec7000000,0x0000001ec7100000]
Native frames: (J=compiled Java code, j=interpreted, Vv=VM code, C=native code)
V  [jvm.dll+0x730739]  (no source info available)
V  [jvm.dll+0x8d9b23]  (no source info available)
V  [jvm.dll+0x8dc00d]  (no source info available)
V  [jvm.dll+0x8dc683]  (no source info available)
V  [jvm.dll+0x2aa086]  (no source info available)
V  [jvm.dll+0x72cc65]  (no source info available)
V  [jvm.dll+0x72059a]  (no source info available)
V  [jvm.dll+0x390cea]  (no source info available)
V  [jvm.dll+0x3989f6]  (no source info available)
V  [jvm.dll+0x38523e]  (no source info available)
V  [jvm.dll+0x3854f8]  (no source info available)
V  [jvm.dll+0x35d0cc]  (no source info available)
V  [jvm.dll+0x35dd8d]  (no source info available)
V  [jvm.dll+0x89d28f]  (no source info available)
V  [jvm.dll+0x3f985d]  (no source info available)
V  [jvm.dll+0x8858e6]  (no source info available)
V  [jvm.dll+0x495f3e]  (no source info available)
V  [jvm.dll+0x497d11]  (no source info available)
C  [jli.dll+0x52a1]  (no source info available)
C  [ucrtbase.dll+0x37b0]  (no source info available)
C  [KERNEL32.DLL+0x2e8d7]  (no source info available)
C  [ntdll.dll+0x3c34c]  (no source info available)

Lock stack of current Java thread (top to bottom):


---------------  P R O C E S S  ---------------

Threads class SMR info:
_java_thread_list=0x00007ff9c591f318, length=0, elements={
}

Java Threads: ( => current thread )
Total: 0

Other Threads:
  0x0000017864d32540 WorkerThread "GC Thread#0"                     [id=16676, stack(0x0000001ec7100000,0x0000001ec7200000) (1024K)]
  0x0000017864d47130 ConcurrentGCThread "G1 Main Marker"            [id=2576, stack(0x0000001ec7200000,0x0000001ec7300000) (1024K)]
  0x0000017864d48a40 WorkerThread "G1 Conc#0"                       [id=22800, stack(0x0000001ec7300000,0x0000001ec7400000) (1024K)]

[error occurred during error reporting (printing all threads), id 0xc0000005, EXCEPTION_ACCESS_VIOLATION (0xc0000005) at pc=0x00007ff9c50514ea]
VM state: not at safepoint (not fully initialized)

VM Mutex/Monitor currently owned by a thread:  ([mutex/lock_event])
[0x00007ff9c59a45b0] Heap_lock - owner thread: 0x0000017862852a70

Heap address: 0x0000000702c00000, size: 4052 MB, Compressed Oops mode: Zero based, Oop shift amount: 3

CDS archive(s) mapped at: [0x0000000000000000-0x0000000000000000-0x0000000000000000), size 0, SharedBaseAddress: 0x0000000800000000, ArchiveRelocationMode: 1.
UseCompressedClassPointers 1, UseCompactObjectHeaders 0
Narrow klass pointer bits 32, Max shift 3
Narrow klass base: 0xffffffffffffffff, Narrow klass shift: -1
Encoding Range: [0xffffffffffffffff - 0x000000007fffffff), (2147483648 bytes)
Klass Range:    [0x0000000000000000 - 0x0000000000000000), (0 bytes)
Klass ID Range:  [4294967295 - 0) (1)

GC Precious Log:
 CardTable entry size: 512
 Card Set container configuration: InlinePtr #cards 4 size 8 Array Of Cards #cards 16 size 48 Howl #buckets 8 coarsen threshold 3686 Howl Bitmap #cards 512 size 80 coarsen threshold 460 Card regions per heap region 1 cards per card region 4096

Heap:
 garbage-first heap   total reserved 4149248K, committed 0K, used 0K [0x0000000702c00000, 0x0000000800000000)
  region size 2048K, 0 young (0K), 0 survivors (0K)

[error occurred during error reporting (printing heap information), id 0xc0000005, EXCEPTION_ACCESS_VIOLATION (0xc0000005) at pc=0x00007ff9c546e3e9]
GC Heap History (0 events):
No events

Dll operation events (1 events):
Event: 0.012 Loaded shared library C:\Users\aayus\.jdks\openjdk-24.0.1\bin\java.dll

Deoptimization events (0 events):
No events

Classes loaded (0 events):
No events

Classes unloaded (0 events):
No events

Classes redefined (0 events):
No events

Internal exceptions (0 events):
No events

VM Operations (0 events):
No events

Memory protections (0 events):
No events

Nmethod flushes (0 events):
No events

Events (0 events):
No events


Dynamic libraries:
0x00007ff74eff0000 - 0x00007ff74effe000 	C:\Users\aayus\.jdks\openjdk-24.0.1\bin\java.exe
0x00007ffa2a120000 - 0x00007ffa2a388000 	C:\Windows\SYSTEM32\ntdll.dll
0x00007ffa291b0000 - 0x00007ffa29279000 	C:\Windows\System32\KERNEL32.DLL
0x00007ffa27920000 - 0x00007ffa27d0d000 	C:\Windows\System32\KERNELBASE.dll
0x00007ffa277d0000 - 0x00007ffa2791b000 	C:\Windows\System32\ucrtbase.dll
0x00007ffa22160000 - 0x00007ffa2217b000 	C:\Users\aayus\.jdks\openjdk-24.0.1\bin\VCRUNTIME140.dll
0x00007ffa220b0000 - 0x00007ffa220c6000 	C:\Users\aayus\.jdks\openjdk-24.0.1\bin\jli.dll
0x00007ffa28170000 - 0x00007ffa2833c000 	C:\Windows\System32\USER32.dll
0x00007ffa0adf0000 - 0x00007ffa0b08a000 	C:\Windows\WinSxS\amd64_microsoft.windows.common-controls_6595b64144ccf1df_6.0.26100.4484_none_3e0e6d4ce32ef3b3\COMCTL32.dll
0x00007ffa27d10000 - 0x00007ffa27d37000 	C:\Windows\System32\win32u.dll
0x00007ffa29c00000 - 0x00007ffa29c2b000 	C:\Windows\System32\GDI32.dll
0x00007ffa287e0000 - 0x00007ffa28889000 	C:\Windows\System32\msvcrt.dll
0x00007ffa27330000 - 0x00007ffa27467000 	C:\Windows\System32\gdi32full.dll
0x00007ffa27500000 - 0x00007ffa275a3000 	C:\Windows\System32\msvcp_win.dll
0x00007ffa2a040000 - 0x00007ffa2a06f000 	C:\Windows\System32\IMM32.DLL
0x00007ffa221c0000 - 0x00007ffa221cc000 	C:\Users\aayus\.jdks\openjdk-24.0.1\bin\vcruntime140_1.dll
0x00007ffa1a900000 - 0x00007ffa1a98e000 	C:\Users\aayus\.jdks\openjdk-24.0.1\bin\msvcp140.dll
0x00007ff9c4ce0000 - 0x00007ff9c5a82000 	C:\Users\aayus\.jdks\openjdk-24.0.1\bin\server\jvm.dll
0x00007ffa27f90000 - 0x00007ffa28044000 	C:\Windows\System32\ADVAPI32.dll
0x00007ffa27ee0000 - 0x00007ffa27f86000 	C:\Windows\System32\sechost.dll
0x00007ffa28050000 - 0x00007ffa28168000 	C:\Windows\System32\RPCRT4.dll
0x00007ffa29a50000 - 0x00007ffa29ac4000 	C:\Windows\System32\WS2_32.dll
0x00007ffa270c0000 - 0x00007ffa2711e000 	C:\Windows\SYSTEM32\POWRPROF.dll
0x00007ffa19d40000 - 0x00007ffa19d75000 	C:\Windows\SYSTEM32\WINMM.dll
0x00007ffa20550000 - 0x00007ffa2055b000 	C:\Windows\SYSTEM32\VERSION.dll
0x00007ffa270a0000 - 0x00007ffa270b4000 	C:\Windows\SYSTEM32\UMPDC.dll
0x00007ffa25ff0000 - 0x00007ffa2600b000 	C:\Windows\SYSTEM32\kernel.appcore.dll
0x00007ffa220a0000 - 0x00007ffa220aa000 	C:\Users\aayus\.jdks\openjdk-24.0.1\bin\jimage.dll
0x00007ffa19f50000 - 0x00007ffa1a191000 	C:\Windows\SYSTEM32\DBGHELP.DLL
0x00007ffa28b70000 - 0x00007ffa28ef6000 	C:\Windows\System32\combase.dll
0x00007ffa29d20000 - 0x00007ffa29e00000 	C:\Windows\System32\OLEAUT32.dll
0x00007ffa0be70000 - 0x00007ffa0beb3000 	C:\Windows\SYSTEM32\dbgcore.DLL
0x00007ffa27730000 - 0x00007ffa277c9000 	C:\Windows\System32\bcryptPrimitives.dll
0x00007ffa22090000 - 0x00007ffa2209f000 	C:\Users\aayus\.jdks\openjdk-24.0.1\bin\instrument.dll
0x00007ffa1fd30000 - 0x00007ffa1fd4e000 	C:\Users\aayus\.jdks\openjdk-24.0.1\bin\java.dll
0x00007ffa28f00000 - 0x00007ffa2909e000 	C:\Windows\System32\ole32.dll
0x00007ffa29280000 - 0x00007ffa299ca000 	C:\Windows\System32\SHELL32.dll
0x00007ffa27d40000 - 0x00007ffa27eb4000 	C:\Windows\System32\wintypes.dll

JVMTI agents:
C:\Program Files\JetBrains\IntelliJ IDEA Community Edition 2025.1\lib\idea_rt.jar path:none, loaded, not initialized, instrumentlib options:51435

dbghelp: loaded successfully - version: 4.0.5 - missing functions: none
symbol engine: initialized successfully - sym options: 0x614 - pdb path: .;C:\Users\aayus\.jdks\openjdk-24.0.1\bin;C:\Windows\SYSTEM32;C:\Windows\WinSxS\amd64_microsoft.windows.common-controls_6595b64144ccf1df_6.0.26100.4484_none_3e0e6d4ce32ef3b3;C:\Users\aayus\.jdks\openjdk-24.0.1\bin\server

VM Arguments:
jvm_args: -javaagent:C:\Program Files\JetBrains\IntelliJ IDEA Community Edition 2025.1\lib\idea_rt.jar=51435 -Dfile.encoding=UTF-8 -Dsun.stdout.encoding=UTF-8 -Dsun.stderr.encoding=UTF-8 
java_command: tr
java_class_path (initial): C:\Users\aayus\Dev\DSA_java\out\production\DSA_java
Launcher Type: SUN_STANDARD

[Global flags]
     intx CICompilerCount                          = 12                                        {product} {ergonomic}
     uint ConcGCThreads                            = 3                                         {product} {ergonomic}
     uint G1ConcRefinementThreads                  = 13                                        {product} {ergonomic}
   size_t G1HeapRegionSize                         = 2097152                                   {product} {ergonomic}
   size_t InitialHeapSize                          = 266338304                                 {product} {ergonomic}
   size_t MarkStackSize                            = 4194304                                   {product} {ergonomic}
   size_t MarkStackSizeMax                         = 536870912                                 {product} {ergonomic}
   size_t MaxHeapSize                              = 4248829952                                {product} {ergonomic}
   size_t MinHeapDeltaBytes                        = 2097152                                   {product} {ergonomic}
   size_t MinHeapSize                              = 8388608                                   {product} {ergonomic}
    uintx NonNMethodCodeHeapSize                   = 7602176                                {pd product} {ergonomic}
    uintx NonProfiledCodeHeapSize                  = 122093568                              {pd product} {ergonomic}
    uintx ProfiledCodeHeapSize                     = 121962496                              {pd product} {ergonomic}
    uintx ReservedCodeCacheSize                    = 251658240                              {pd product} {ergonomic}
     bool SegmentedCodeCache                       = true                                      {product} {ergonomic}
   size_t SoftMaxHeapSize                          = 4248829952                             {manageable} {ergonomic}
     bool UseCompressedOops                        = true                           {product lp64_product} {ergonomic}
     bool UseG1GC                                  = true                                      {product} {ergonomic}
     bool UseLargePagesIndividualAllocation        = false                                  {pd product} {ergonomic}

Logging:
Log output configuration:
 #0: stdout all=warning uptime,level,tags foldmultilines=false
 #1: stderr all=off uptime,level,tags foldmultilines=false

Environment Variables:
PATH=C:\Program Files (x86)\Common Files\Oracle\Java\java8path;C:\Program Files (x86)\Common Files\Oracle\Java\javapath;C:\Windows\system32;C:\Windows;C:\Windows\System32\Wbem;C:\Windows\System32\WindowsPowerShell\v1.0\;C:\Windows\System32\OpenSSH\;C:\Program Files\NVIDIA Corporation\NVIDIA App\NvDLISR;C:\Program Files (x86)\NVIDIA Corporation\PhysX\Common;C:\Program Files\dotnet\;C:\Program Files\Git\cmd;C:\Users\aayus\AppData\Local\Microsoft\WindowsApps;C:\Users\aayus\AppData\Local\Programs\Microsoft VS Code\bin;C:\Users\aayus\AppData\Local\Programs\cursor\resources\app\bin
USERNAME=aayus
OS=Windows_NT
PROCESSOR_IDENTIFIER=AMD64 Family 25 Model 68 Stepping 1, AuthenticAMD
TMP=C:\Users\aayus\AppData\Local\Temp
TEMP=C:\Users\aayus\AppData\Local\Temp




Periodic native trim disabled

---------------  S Y S T E M  ---------------

OS:
 Windows 11 , 64 bit Build 26100 (10.0.26100.4484)
OS uptime: 0 days 2:48 hours

CPU: total 16 (initial active 16) (16 cores per cpu, 2 threads per core) family 25 model 68 stepping 1 microcode 0xa404107, cx8, cmov, fxsr, ht, mmx, 3dnowpref, sse, sse2, sse3, ssse3, sse4a, sse4.1, sse4.2, popcnt, lzcnt, tsc, tscinvbit, avx, avx2, aes, erms, clmul, bmi1, bmi2, adx, sha, fma, vzeroupper, clflush, clflushopt, rdtscp, rdpid, fsrm, f16c, pku, cet_ss
Processor Information for processor 0
  Max Mhz: 3100, Current Mhz: 2523, Mhz Limit: 3100
Processor Information for processor 1
  Max Mhz: 3100, Current Mhz: 2523, Mhz Limit: 3100
Processor Information for processor 2
  Max Mhz: 3100, Current Mhz: 2523, Mhz Limit: 3100
Processor Information for processor 3
  Max Mhz: 3100, Current Mhz: 3100, Mhz Limit: 3100
Processor Information for processor 4
  Max Mhz: 3100, Current Mhz: 3100, Mhz Limit: 3100
Processor Information for processor 5
  Max Mhz: 3100, Current Mhz: 2523, Mhz Limit: 3100
Processor Information for processor 6
  Max Mhz: 3100, Current Mhz: 2523, Mhz Limit: 3100
Processor Information for processor 7
  Max Mhz: 3100, Current Mhz: 2523, Mhz Limit: 3100
Processor Information for processor 8
  Max Mhz: 3100, Current Mhz: 2523, Mhz Limit: 3100
Processor Information for processor 9
  Max Mhz: 3100, Current Mhz: 2523, Mhz Limit: 3100
Processor Information for processor 10
  Max Mhz: 3100, Current Mhz: 3100, Mhz Limit: 3100
Processor Information for processor 11
  Max Mhz: 3100, Current Mhz: 2523, Mhz Limit: 3100
Processor Information for processor 12
  Max Mhz: 3100, Current Mhz: 2523, Mhz Limit: 3100
Processor Information for processor 13
  Max Mhz: 3100, Current Mhz: 2523, Mhz Limit: 3100
Processor Information for processor 14
  Max Mhz: 3100, Current Mhz: 2523, Mhz Limit: 3100
Processor Information for processor 15
  Max Mhz: 3100, Current Mhz: 2523, Mhz Limit: 3100

Memory: 4k page, system-wide physical 16202M (7154M free)
TotalPageFile size 16202M (AvailPageFile size 5M)
current process WorkingSet (physical memory assigned to process): 14M, peak: 14M
current process commit charge ("private bytes"): 71M, peak: 325M

vm_info: OpenJDK 64-Bit Server VM (24.0.1+9-30) for windows-amd64 JRE (24.0.1+9-30), built on 2025-03-05T07:23:45Z with MS VC++ 17.6 (VS2022)

END.
